<?xml version="1.0" encoding="UTF-8"?>
<!-- Generated by org.testng.reporters.JUnitReportReporter -->
<testsuite hostname="Light-PC" name="testcases.TC001_EditLead" tests="1" failures="0" timestamp="20 Jan 2018 07:30:50 GMT" time="35.391" errors="0">
  <testcase name="editLead" time="35.391" classname="testcases.TC001_EditLead"/>
</testsuite> <!-- testcases.TC001_EditLead -->
