<?xml version="1.0" encoding="UTF-8"?>
<!-- Generated by org.testng.reporters.JUnitReportReporter -->
<testsuite hostname="Light-PC" name="testcases.TC001_CreateLead" tests="1" failures="0" timestamp="27 Jan 2018 05:32:50 GMT" time="32.998" errors="0">
  <testcase name="logInLogOut" time="32.998" classname="testcases.TC001_CreateLead"/>
</testsuite> <!-- testcases.TC001_CreateLead -->
