<?xml version="1.0" encoding="UTF-8"?>
<!-- Generated by org.testng.reporters.JUnitReportReporter -->
<testsuite hostname="Light-PC" name="testcases.TC001_DeleteLead" tests="1" failures="0" timestamp="20 Jan 2018 06:52:26 GMT" time="30.231" errors="0">
  <testcase name="logInLogOut" time="30.231" classname="testcases.TC001_DeleteLead"/>
</testsuite> <!-- testcases.TC001_DeleteLead -->
