<?xml version="1.0" encoding="UTF-8"?>
<!-- Generated by org.testng.reporters.JUnitReportReporter -->
<testsuite hostname="Light-PC" name="testcases.TC001_LoginLogOut" tests="2" failures="0" timestamp="9 Jan 2018 19:47:36 GMT" time="28.225" errors="0">
  <testcase name="logInLogOut" time="12.989" classname="testcases.TC001_LoginLogOut"/>
  <testcase name="logInLogOut" time="15.236" classname="testcases.TC001_LoginLogOut"/>
</testsuite> <!-- testcases.TC001_LoginLogOut -->
