<?xml version="1.0" encoding="UTF-8"?>
<!-- Generated by org.testng.reporters.JUnitReportReporter -->
<testsuite hostname="Light-PC" name="testcases.TC002_LoginNegative" tests="4" failures="0" timestamp="9 Jan 2018 19:47:36 GMT" time="46.645" errors="0">
  <testcase name="loginFail" time="11.073" classname="testcases.TC002_LoginNegative"/>
  <testcase name="loginFail" time="12.958" classname="testcases.TC002_LoginNegative"/>
  <testcase name="loginFail" time="11.106" classname="testcases.TC002_LoginNegative"/>
  <testcase name="loginFail" time="11.508" classname="testcases.TC002_LoginNegative"/>
</testsuite> <!-- testcases.TC002_LoginNegative -->
